This is pdfTeX, Version 3.14159265-2.6-1.40.17 (MiKTeX 2.9.6210 64-bit) (preloaded format=pdflatex 2017.6.26)  27 JUN 2017 14:29
entering extended mode
**./T1.tex
(T1.tex
LaTeX2e <2017/01/01> patch level 1
Babel <3.9r> and hyphenation patterns for 75 language(s) loaded.
("C:\Program Files\MiKTeX 2.9\tex\latex\base\report.cls"
Document Class: report 2014/09/29 v1.4h Standard LaTeX document class
("C:\Program Files\MiKTeX 2.9\tex\latex\base\size11.clo"
File: size11.clo 2014/09/29 v1.4h Standard LaTeX file (size option)
)
\c@part=\count79
\c@chapter=\count80
\c@section=\count81
\c@subsection=\count82
\c@subsubsection=\count83
\c@paragraph=\count84
\c@subparagraph=\count85
\c@figure=\count86
\c@table=\count87
\abovecaptionskip=\skip41
\belowcaptionskip=\skip42
\bibindent=\dimen102
)
("C:\Program Files\MiKTeX 2.9\tex\latex\url\url.sty"
\Urlmuskip=\muskip10
Package: url 2013/09/16  ver 3.4  Verb mode for urls, etc.
)
("C:\Program Files\MiKTeX 2.9\tex\latex\graphics\graphicx.sty"
Package: graphicx 2014/10/28 v1.0g Enhanced LaTeX Graphics (DPC,SPQR)

("C:\Program Files\MiKTeX 2.9\tex\latex\graphics\keyval.sty"
Package: keyval 2014/10/28 v1.15 key=value parser (DPC)
\KV@toks@=\toks14
)
("C:\Program Files\MiKTeX 2.9\tex\latex\graphics\graphics.sty"
Package: graphics 2016/10/09 v1.0u Standard LaTeX Graphics (DPC,SPQR)

("C:\Program Files\MiKTeX 2.9\tex\latex\graphics\trig.sty"
Package: trig 2016/01/03 v1.10 sin cos tan (DPC)
)
("C:\Program Files\MiKTeX 2.9\tex\latex\graphics-cfg\graphics.cfg"
File: graphics.cfg 2016/06/04 v1.11 sample graphics configuration
)
Package graphics Info: Driver file: pdftex.def on input line 99.

("C:\Program Files\MiKTeX 2.9\tex\latex\graphics-def\pdftex.def"
File: pdftex.def 2017/01/12 v0.06k Graphics/color for pdfTeX

("C:\Program Files\MiKTeX 2.9\tex\generic\oberdiek\infwarerr.sty"
Package: infwarerr 2016/05/16 v1.4 Providing info/warning/error messages (HO)
)
("C:\Program Files\MiKTeX 2.9\tex\generic\oberdiek\ltxcmds.sty"
Package: ltxcmds 2016/05/16 v1.23 LaTeX kernel commands for general use (HO)
)
\Gread@gobject=\count88
))
\Gin@req@height=\dimen103
\Gin@req@width=\dimen104
) (T1.aux)
\openout1 = `T1.aux'.

LaTeX Font Info:    Checking defaults for OML/cmm/m/it on input line 9.
LaTeX Font Info:    ... okay on input line 9.
LaTeX Font Info:    Checking defaults for T1/cmr/m/n on input line 9.
LaTeX Font Info:    ... okay on input line 9.
LaTeX Font Info:    Checking defaults for OT1/cmr/m/n on input line 9.
LaTeX Font Info:    ... okay on input line 9.
LaTeX Font Info:    Checking defaults for OMS/cmsy/m/n on input line 9.
LaTeX Font Info:    ... okay on input line 9.
LaTeX Font Info:    Checking defaults for OMX/cmex/m/n on input line 9.
LaTeX Font Info:    ... okay on input line 9.
LaTeX Font Info:    Checking defaults for U/cmr/m/n on input line 9.
LaTeX Font Info:    ... okay on input line 9.

("C:\Program Files\MiKTeX 2.9\tex\context\base\supp-pdf.mkii"
[Loading MPS to PDF converter (version 2006.09.02).]
\scratchcounter=\count89
\scratchdimen=\dimen105
\scratchbox=\box26
\nofMPsegments=\count90
\nofMParguments=\count91
\everyMPshowfont=\toks15
\MPscratchCnt=\count92
\MPscratchDim=\dimen106
\MPnumerator=\count93
\makeMPintoPDFobject=\count94
\everyMPtoPDFconversion=\toks16
) ("C:\Program Files\MiKTeX 2.9\tex\generic\oberdiek\pdftexcmds.sty"
Package: pdftexcmds 2016/05/21 v0.22 Utility functions of pdfTeX for LuaTeX (HO
)

("C:\Program Files\MiKTeX 2.9\tex\generic\oberdiek\ifluatex.sty"
Package: ifluatex 2016/05/16 v1.4 Provides the ifluatex switch (HO)
Package ifluatex Info: LuaTeX not detected.
)
("C:\Program Files\MiKTeX 2.9\tex\generic\oberdiek\ifpdf.sty"
Package: ifpdf 2016/05/14 v3.1 Provides the ifpdf switch
)
Package pdftexcmds Info: LuaTeX not detected.
Package pdftexcmds Info: \pdf@primitive is available.
Package pdftexcmds Info: \pdf@ifprimitive is available.
Package pdftexcmds Info: \pdfdraftmode found.
)
("C:\Program Files\MiKTeX 2.9\tex\latex\oberdiek\epstopdf-base.sty"
Package: epstopdf-base 2016/05/15 v2.6 Base part for package epstopdf

("C:\Program Files\MiKTeX 2.9\tex\latex\oberdiek\grfext.sty"
Package: grfext 2016/05/16 v1.2 Manage graphics extensions (HO)

("C:\Program Files\MiKTeX 2.9\tex\generic\oberdiek\kvdefinekeys.sty"
Package: kvdefinekeys 2016/05/16 v1.4 Define keys (HO)
))
("C:\Program Files\MiKTeX 2.9\tex\latex\oberdiek\kvoptions.sty"
Package: kvoptions 2016/05/16 v3.12 Key value format for package options (HO)

("C:\Program Files\MiKTeX 2.9\tex\generic\oberdiek\kvsetkeys.sty"
Package: kvsetkeys 2016/05/16 v1.17 Key value parser (HO)

("C:\Program Files\MiKTeX 2.9\tex\generic\oberdiek\etexcmds.sty"
Package: etexcmds 2016/05/16 v1.6 Avoid name clashes with e-TeX commands (HO)
Package etexcmds Info: Could not find \expanded.
(etexcmds)             That can mean that you are not using pdfTeX 1.50 or
(etexcmds)             that some package has redefined \expanded.
(etexcmds)             In the latter case, load this package earlier.
)))
Package epstopdf-base Info: Redefining graphics rule for `.eps' on input line 4
38.
Package grfext Info: Graphics extension search list:
(grfext)             [.png,.pdf,.jpg,.mps,.jpeg,.jbig2,.jb2,.PNG,.PDF,.JPG,.JPE
G,.JBIG2,.JB2,.eps]
(grfext)             \AppendGraphicsExtensions on input line 456.
)
LaTeX Font Info:    External font `cmex10' loaded for size
(Font)              <12> on input line 10.
LaTeX Font Info:    External font `cmex10' loaded for size
(Font)              <8> on input line 10.
LaTeX Font Info:    External font `cmex10' loaded for size
(Font)              <6> on input line 10.
 [1

{C:/ProgramData/MiKTeX/2.9/pdftex/config/pdftex.map}] (T1.toc
LaTeX Font Info:    External font `cmex10' loaded for size
(Font)              <10.95> on input line 1.
)
\tf@toc=\write3
\openout3 = `T1.toc'.

 [1

]
LaTeX Font Info:    Try loading font information for OMS+cmr on input line 18.

("C:\Program Files\MiKTeX 2.9\tex\latex\base\omscmr.fd"
File: omscmr.fd 2014/09/29 v2.5h Standard LaTeX font definitions
)
LaTeX Font Info:    Font shape `OMS/cmr/m/n' in size <10.95> not available
(Font)              Font shape `OMS/cmsy/m/n' tried instead on input line 18.
 [2]
Missing character: There is no â in font cmr10!
Missing character: There is no € in font cmr10!
Missing character: There is no ™ in font cmr10!
Missing character: There is no â in font cmr10!
Missing character: There is no € in font cmr10!
Missing character: There is no ™ in font cmr10!

Underfull \hbox (badness 10000) in paragraph at lines 60--60
[]\OT1/cmr/m/n/10.95 Generation 2
 []


Underfull \hbox (badness 10000) in paragraph at lines 60--60
[]\OT1/cmr/bx/n/10.95 Target
 []


Underfull \hbox (badness 10000) in paragraph at lines 60--60
\OT1/cmr/bx/n/10.95 price(in
 []


Underfull \hbox (badness 10000) in paragraph at lines 60--60
[]\OT1/cmr/m/n/10.95 Broadcom
 []


Underfull \hbox (badness 10000) in paragraph at lines 60--60
\OT1/cmr/m/n/10.95 BCM2835
 []


Underfull \hbox (badness 10000) in paragraph at lines 60--60
\OT1/cmr/m/n/10.95 (CPU, GPU,
 []


Underfull \hbox (badness 10000) in paragraph at lines 60--60
[]\OT1/cmr/m/n/10.95 Broadcom
 []


Underfull \hbox (badness 10000) in paragraph at lines 60--60
\OT1/cmr/m/n/10.95 BCM2835
 []


Underfull \hbox (badness 10000) in paragraph at lines 60--60
\OT1/cmr/m/n/10.95 (CPU, GPU,
 []


Underfull \hbox (badness 10000) in paragraph at lines 60--60
[]\OT1/cmr/m/n/10.95 Broadcom
 []


Underfull \hbox (badness 10000) in paragraph at lines 60--60
\OT1/cmr/m/n/10.95 BCM2835
 []


Underfull \hbox (badness 10000) in paragraph at lines 60--60
\OT1/cmr/m/n/10.95 (CPU, GPU,
 []


Underfull \hbox (badness 10000) in paragraph at lines 60--60
[]\OT1/cmr/m/n/10.95 Broadcom
 []


Underfull \hbox (badness 10000) in paragraph at lines 60--60
\OT1/cmr/m/n/10.95 BCM2835
 []


Underfull \hbox (badness 10000) in paragraph at lines 60--60
\OT1/cmr/m/n/10.95 (CPU, GPU,
 []


Underfull \hbox (badness 10000) in paragraph at lines 60--60
[]\OT1/cmr/m/n/10.95 Broadcom
 []


Underfull \hbox (badness 10000) in paragraph at lines 60--60
\OT1/cmr/m/n/10.95 BCM2836
 []


Underfull \hbox (badness 10000) in paragraph at lines 60--60
\OT1/cmr/m/n/10.95 (CPU, GPU,
 []


Underfull \hbox (badness 10000) in paragraph at lines 60--60
[]\OT1/cmr/m/n/10.95 700 MHz
 []


Underfull \hbox (badness 10000) in paragraph at lines 60--60
\OT1/cmr/m/n/10.95 single-core
 []


Underfull \hbox (badness 10000) in paragraph at lines 60--60
\OT1/cmr/m/n/10.95 ARM1176JZF-
 []


Underfull \hbox (badness 10000) in paragraph at lines 60--60
[]\OT1/cmr/m/n/10.95 700 MHz
 []


Underfull \hbox (badness 10000) in paragraph at lines 60--60
\OT1/cmr/m/n/10.95 single-core
 []


Underfull \hbox (badness 10000) in paragraph at lines 60--60
\OT1/cmr/m/n/10.95 ARM1176JZF-
 []


Underfull \hbox (badness 10000) in paragraph at lines 60--60
[]\OT1/cmr/m/n/10.95 700 MHz
 []


Underfull \hbox (badness 10000) in paragraph at lines 60--60
\OT1/cmr/m/n/10.95 single-core
 []


Underfull \hbox (badness 10000) in paragraph at lines 60--60
\OT1/cmr/m/n/10.95 ARM1176JZF-
 []


Underfull \hbox (badness 10000) in paragraph at lines 60--60
[]\OT1/cmr/m/n/10.95 700 MHz
 []


Underfull \hbox (badness 10000) in paragraph at lines 60--60
\OT1/cmr/m/n/10.95 single-core
 []


Underfull \hbox (badness 10000) in paragraph at lines 60--60
\OT1/cmr/m/n/10.95 ARM1176JZF-
 []


Underfull \hbox (badness 10000) in paragraph at lines 60--60
\OT1/cmr/m/n/10.95 core ARM
 []


Underfull \hbox (badness 10000) in paragraph at lines 60--60
[]\OT1/cmr/bx/n/10.95 Memory
 []


Underfull \hbox (badness 10000) in paragraph at lines 60--60
[]\OT1/cmr/m/n/10.95 256 MB
 []


Underfull \hbox (badness 10000) in paragraph at lines 60--60
\OT1/cmr/m/n/10.95 (shared with
 []


Underfull \hbox (badness 10000) in paragraph at lines 60--60
[]\OT1/cmr/m/n/10.95 256 MB
 []


Underfull \hbox (badness 10000) in paragraph at lines 60--60
\OT1/cmr/m/n/10.95 (shared with
 []


Underfull \hbox (badness 10000) in paragraph at lines 60--60
[]\OT1/cmr/m/n/10.95 512 MB
 []


Underfull \hbox (badness 10000) in paragraph at lines 60--60
\OT1/cmr/m/n/10.95 (shared with
 []


Underfull \hbox (badness 10000) in paragraph at lines 60--60
[]\OT1/cmr/m/n/10.95 512 MB
 []


Underfull \hbox (badness 10000) in paragraph at lines 60--60
\OT1/cmr/m/n/10.95 (shared with
 []


Underfull \hbox (badness 10000) in paragraph at lines 60--60
[]\OT1/cmr/bx/n/10.95 USB 2.0
 []


Underfull \hbox (badness 10000) in paragraph at lines 60--60
\OT1/cmr/m/n/10.95 BCM2835
 []


Underfull \hbox (badness 10000) in paragraph at lines 60--60
\OT1/cmr/m/n/10.95 BCM2835
 []


Underfull \hbox (badness 10000) in paragraph at lines 60--60
\OT1/cmr/m/n/10.95 board 3-port
 []


Underfull \hbox (badness 10000) in paragraph at lines 60--60
\OT1/cmr/m/n/10.95 board 5-port
 []


Underfull \hbox (badness 10000) in paragraph at lines 60--60
\OT1/cmr/m/n/10.95 board 5-port
 []


Underfull \hbox (badness 10000) in paragraph at lines 60--60
[]\OT1/cmr/bx/n/10.95 On-board
 []


Underfull \hbox (badness 10000) in paragraph at lines 60--60
\OT1/cmr/m/n/10.95 (3.3 V with
 []


Underfull \hbox (badness 10000) in paragraph at lines 60--60
\OT1/cmr/m/n/10.95 card power
 []


Underfull \hbox (badness 10000) in paragraph at lines 60--60
[]\OT1/cmr/m/n/10.95 MicroSD
 []


Underfull \hbox (badness 10000) in paragraph at lines 60--60
[]\OT1/cmr/bx/n/10.95 On-board
 []


Underfull \hbox (badness 10000) in paragraph at lines 60--60
\OT1/cmr/m/n/10.95 Eth-er-net
 []


Underfull \hbox (badness 10000) in paragraph at lines 60--60
\OT1/cmr/m/n/10.95 (8P8C) USB
 []


Underfull \hbox (badness 10000) in paragraph at lines 60--60
\OT1/cmr/m/n/10.95 of the USB
 []


Underfull \hbox (badness 10000) in paragraph at lines 60--60
\OT1/cmr/m/n/10.95 hub (SMSC
 []


Underfull \hbox (badness 10000) in paragraph at lines 60--60
\OT1/cmr/m/n/10.95 Eth-er-net
 []


Underfull \hbox (badness 10000) in paragraph at lines 60--60
\OT1/cmr/m/n/10.95 (8P8C) USB
 []


Underfull \hbox (badness 10000) in paragraph at lines 60--60
\OT1/cmr/m/n/10.95 of the USB
 []


Underfull \hbox (badness 10000) in paragraph at lines 60--60
\OT1/cmr/m/n/10.95 hub (SMSC
 []


Underfull \hbox (badness 10000) in paragraph at lines 60--60
\OT1/cmr/m/n/10.95 Eth-er-net
 []


Underfull \hbox (badness 10000) in paragraph at lines 60--60
\OT1/cmr/m/n/10.95 (8P8C) USB
 []


Underfull \hbox (badness 10000) in paragraph at lines 60--60
\OT1/cmr/m/n/10.95 of the USB
 []


Underfull \hbox (badness 10000) in paragraph at lines 60--60
\OT1/cmr/m/n/10.95 hub (SMSC
 []

Missing character: There is no Ã in font cmr10!
Missing character: There is no — in font cmr10!
Missing character: There is no Ã in font cmr10!
Missing character: There is no — in font cmr10!

Underfull \hbox (badness 3199) in paragraph at lines 60--60
\OT1/cmr/m/n/10.95 and HAT ID
 []

Missing character: There is no Ã in font cmr10!
Missing character: There is no — in font cmr10!
Missing character: There is no Ã in font cmr10!
Missing character: There is no — in font cmr10!
Missing character: There is no Ã in font cmr10!
Missing character: There is no — in font cmr10!

Underfull \hbox (badness 10000) in paragraph at lines 60--60
[]\OT1/cmr/bx/n/10.95 Power rat-
 []


Underfull \hbox (badness 4467) in paragraph at lines 60--60
[]\OT1/cmr/m/n/10.95 300 mA (1.5
 []


Underfull \hbox (badness 4467) in paragraph at lines 60--60
[]\OT1/cmr/m/n/10.95 700 mA (3.5
 []


Underfull \hbox (badness 4467) in paragraph at lines 60--60
[]\OT1/cmr/m/n/10.95 600 mA (3.0
 []


Underfull \hbox (badness 10000) in paragraph at lines 60--60
[]\OT1/cmr/m/n/10.95 800 mA(4.0
 []

[3] [4] [5] [6] <2.PNG, id=31, 479.54156pt x 192.72pt>
File: 2.PNG Graphic file (type png)
 <use 2.PNG>
Package pdftex.def Info: 2.PNG used on input line 114.
(pdftex.def)             Requested size: 287.72716pt x 115.63287pt.

<3.PNG, id=33, 481.8pt x 193.47281pt>
File: 3.PNG Graphic file (type png)
 <use 3.PNG>
Package pdftex.def Info: 3.PNG used on input line 120.
(pdftex.def)             Requested size: 289.08221pt x 116.08458pt.

<4.PNG, id=34, 481.04718pt x 192.72pt>
File: 4.PNG Graphic file (type png)
 <use 4.PNG>
Package pdftex.def Info: 4.PNG used on input line 127.
(pdftex.def)             Requested size: 288.63054pt x 115.63287pt.


LaTeX Warning: `!h' float specifier changed to `!ht'.

[7 <./2.PNG> <./3.PNG>] <Keyboard-Change2.PNG, id=40, 433.62pt x 635.37375pt>
File: Keyboard-Change2.PNG Graphic file (type png)

<use Keyboard-Change2.PNG>
Package pdftex.def Info: Keyboard-Change2.PNG used on input line 133.
(pdftex.def)             Requested size: 284.54257pt x 284.53885pt.

<Keyboard-Change3.PNG, id=41, 448.67625pt x 292.84406pt>
File: Keyboard-Change3.PNG Graphic file (type png)

<use Keyboard-Change3.PNG>
Package pdftex.def Info: Keyboard-Change3.PNG used on input line 138.
(pdftex.def)             Requested size: 269.20782pt x 175.70778pt.


LaTeX Warning: `!h' float specifier changed to `!ht'.

[8 <./4.PNG> <./Keyboard-Change2.PNG>] [9 <./Keyboard-Change3.PNG>] [10]
(T1.aux) ) 
Here is how much of TeX's memory you used:
 1630 strings out of 493333
 22786 string characters out of 3139194
 98926 words of memory out of 3000000
 5156 multiletter control sequences out of 15000+200000
 9585 words of font info for 34 fonts, out of 3000000 for 9000
 1141 hyphenation exceptions out of 8191
 39i,9n,25p,752b,356s stack positions out of 5000i,500n,10000p,200000b,50000s
<C:/Program Files/MiKTeX 2.9/fonts/type1/public/amsfonts/cm/cmbx10.pf
b><C:/Program Files/MiKTeX 2.9/fonts/type1/public/amsfonts/cm/cmbx12.pfb><C:/Pr
ogram Files/MiKTeX 2.9/fonts/type1/public/amsfonts/cm/cmr10.pfb><C:/Program Fil
es/MiKTeX 2.9/fonts/type1/public/amsfonts/cm/cmr12.pfb><C:/Program Files/MiKTeX
 2.9/fonts/type1/public/amsfonts/cm/cmr17.pfb><C:/Program Files/MiKTeX 2.9/font
s/type1/public/amsfonts/cm/cmsy10.pfb><C:/Program Files/MiKTeX 2.9/fonts/type1/
public/amsfonts/cm/cmtt10.pfb>
Output written on T1.pdf (11 pages, 202662 bytes).
PDF statistics:
 77 PDF objects out of 1000 (max. 8388607)
 0 named destinations out of 1000 (max. 500000)
 26 words of extra memory for PDF output out of 10000 (max. 10000000)

