\BOOKMARK [0][-]{chapter.1}{Installation of an Operating System on Raspberry Pi}{}% 1
\BOOKMARK [1][-]{section.1.1}{Objective}{chapter.1}% 2
\BOOKMARK [1][-]{section.1.2}{Prerequisites}{chapter.1}% 3
\BOOKMARK [1][-]{section.1.3}{Hardware Requirement}{chapter.1}% 4
\BOOKMARK [1][-]{section.1.4}{Software Requirement}{chapter.1}% 5
\BOOKMARK [1][-]{section.1.5}{Theory and Description}{chapter.1}% 6
\BOOKMARK [1][-]{section.1.6}{A comparison between different models and versions of Raspberry pi}{chapter.1}% 7
\BOOKMARK [1][-]{section.1.7}{Experiment}{chapter.1}% 8
\BOOKMARK [0][-]{chapter.2}{Establishing Network connection and SSH between pc and Raspberry pi }{}% 9
\BOOKMARK [1][-]{section.2.1}{Objective}{chapter.2}% 10
\BOOKMARK [1][-]{section.2.2}{Prerequisites}{chapter.2}% 11
\BOOKMARK [1][-]{section.2.3}{Hardware Requirement}{chapter.2}% 12
\BOOKMARK [1][-]{section.2.4}{Software Requirement}{chapter.2}% 13
\BOOKMARK [1][-]{section.2.5}{Theory and Description}{chapter.2}% 14
\BOOKMARK [1][-]{section.2.6}{Experiments}{chapter.2}% 15
\BOOKMARK [1][-]{section.2.7}{Establishing a network connection}{chapter.2}% 16
\BOOKMARK [2][-]{subsection.2.7.1}{Network settings configuration using DHCP Server\(wireless settings\)}{section.2.7}% 17
\BOOKMARK [2][-]{subsection.2.7.2}{Network settings using static IP method}{section.2.7}% 18
\BOOKMARK [1][-]{section.2.8}{Establishing an SSH connection}{chapter.2}% 19
\BOOKMARK [0][-]{chapter.3}{Programming Raspberry-Pi }{}% 20
\BOOKMARK [1][-]{section.3.1}{Prerequisites}{chapter.3}% 21
\BOOKMARK [1][-]{section.3.2}{Raspberry-pi J8 Header }{chapter.3}% 22
\BOOKMARK [1][-]{section.3.3}{Different ways of programming}{chapter.3}% 23
\BOOKMARK [1][-]{section.3.4}{Experiments}{chapter.3}% 24
\BOOKMARK [2][-]{subsection.3.4.1}{Program to access GPIO pin of R-Pi for glowing LED by push button}{section.3.4}% 25
\BOOKMARK [2][-]{subsection.3.4.2}{IR sensors interfacing}{section.3.4}% 26
\BOOKMARK [2][-]{subsection.3.4.3}{LCD interface with port expander}{section.3.4}% 27
\BOOKMARK [2][-]{subsection.3.4.4}{Xbee Communication}{section.3.4}% 28
\BOOKMARK [2][-]{subsection.3.4.5}{Turning off pi with press of push button}{section.3.4}% 29
\BOOKMARK [2][-]{subsection.3.4.6}{Servo motors}{section.3.4}% 30
\BOOKMARK [0][-]{chapter.4}{References}{}% 31
