This is pdfTeX, Version 3.14159265-2.6-1.40.17 (MiKTeX 2.9.6210 64-bit) (preloaded format=pdflatex 2017.4.22)  6 JUL 2017 19:31
entering extended mode
**"./hardware manual.tex"
("hardware manual.tex"
LaTeX2e <2017/01/01> patch level 1
Babel <3.9r> and hyphenation patterns for 75 language(s) loaded.
("E:\MiKTeX 2.9\tex\latex\base\book.cls"
Document Class: book 2014/09/29 v1.4h Standard LaTeX document class
("E:\MiKTeX 2.9\tex\latex\base\bk12.clo"
File: bk12.clo 2014/09/29 v1.4h Standard LaTeX file (size option)
)
\c@part=\count79
\c@chapter=\count80
\c@section=\count81
\c@subsection=\count82
\c@subsubsection=\count83
\c@paragraph=\count84
\c@subparagraph=\count85
\c@figure=\count86
\c@table=\count87
\abovecaptionskip=\skip41
\belowcaptionskip=\skip42
\bibindent=\dimen102
)
("E:\MiKTeX 2.9\tex\latex\adjustbox\adjustbox.sty"
Package: adjustbox 2012/05/21 v1.0 Adjusting TeX boxes (trim, clip, ...)

("E:\MiKTeX 2.9\tex\latex\xkeyval\xkeyval.sty"
Package: xkeyval 2014/12/03 v2.7a package option processing (HA)

("E:\MiKTeX 2.9\tex\generic\xkeyval\xkeyval.tex"
("E:\MiKTeX 2.9\tex\generic\xkeyval\xkvutils.tex"
\XKV@toks=\toks14
\XKV@tempa@toks=\toks15

("E:\MiKTeX 2.9\tex\generic\xkeyval\keyval.tex"))
\XKV@depth=\count88
File: xkeyval.tex 2014/12/03 v2.7a key=value parser (HA)
))
("E:\MiKTeX 2.9\tex\latex\adjustbox\adjcalc.sty"
Package: adjcalc 2012/05/16 v1.1 Provides advanced setlength with multiple back
-ends (calc, etex, pgfmath)
)
("E:\MiKTeX 2.9\tex\latex\adjustbox\trimclip.sty"
Package: trimclip 2012/05/16 v1.0 Trim and clip general TeX material

("E:\MiKTeX 2.9\tex\latex\graphics\graphicx.sty"
Package: graphicx 2014/10/28 v1.0g Enhanced LaTeX Graphics (DPC,SPQR)

("E:\MiKTeX 2.9\tex\latex\graphics\graphics.sty"
Package: graphics 2016/10/09 v1.0u Standard LaTeX Graphics (DPC,SPQR)

("E:\MiKTeX 2.9\tex\latex\graphics\trig.sty"
Package: trig 2016/01/03 v1.10 sin cos tan (DPC)
)
("E:\MiKTeX 2.9\tex\latex\graphics-cfg\graphics.cfg"
File: graphics.cfg 2016/06/04 v1.11 sample graphics configuration
)
Package graphics Info: Driver file: pdftex.def on input line 99.

("E:\MiKTeX 2.9\tex\latex\graphics-def\pdftex.def"
File: pdftex.def 2017/01/12 v0.06k Graphics/color for pdfTeX

("E:\MiKTeX 2.9\tex\generic\oberdiek\infwarerr.sty"
Package: infwarerr 2016/05/16 v1.4 Providing info/warning/error messages (HO)
)
("E:\MiKTeX 2.9\tex\generic\oberdiek\ltxcmds.sty"
Package: ltxcmds 2016/05/16 v1.23 LaTeX kernel commands for general use (HO)
)
\Gread@gobject=\count89
))
\Gin@req@height=\dimen103
\Gin@req@width=\dimen104
)
("E:\MiKTeX 2.9\tex\latex\collectbox\collectbox.sty"
Package: collectbox 2012/05/17 v0.4b Collect macro arguments as boxes
\collectedbox=\box26
)
\tc@llx=\dimen105
\tc@lly=\dimen106
\tc@urx=\dimen107
\tc@ury=\dimen108
Package trimclip Info: Using driver 'tc-pdftex.def'.

("E:\MiKTeX 2.9\tex\latex\adjustbox\tc-pdftex.def"
File: tc-pdftex.def 2012/05/13 v1.0 Clipping driver for pdftex
))
\adjbox@Width=\dimen109
\adjbox@Height=\dimen110
\adjbox@Depth=\dimen111
\adjbox@Totalheight=\dimen112

("E:\MiKTeX 2.9\tex\latex\ifoddpage\ifoddpage.sty"
Package: ifoddpage 2016/04/23 v1.1 Conditionals for odd/even page detection
\c@checkoddpage=\count90
)
("E:\MiKTeX 2.9\tex\latex\ltxmisc\varwidth.sty"
Package: varwidth 2009/03/30 ver 0.92;  Variable-width minipages
\@vwid@box=\box27
\sift@deathcycles=\count91
\@vwid@loff=\dimen113
\@vwid@roff=\dimen114
))
("E:\MiKTeX 2.9\tex\latex\geometry\geometry.sty"
Package: geometry 2010/09/12 v5.6 Page Geometry

("E:\MiKTeX 2.9\tex\generic\oberdiek\ifpdf.sty"
Package: ifpdf 2016/05/14 v3.1 Provides the ifpdf switch
)
("E:\MiKTeX 2.9\tex\generic\oberdiek\ifvtex.sty"
Package: ifvtex 2016/05/16 v1.6 Detect VTeX and its facilities (HO)
Package ifvtex Info: VTeX not detected.
)
("E:\MiKTeX 2.9\tex\generic\ifxetex\ifxetex.sty"
Package: ifxetex 2010/09/12 v0.6 Provides ifxetex conditional
)
\Gm@cnth=\count92
\Gm@cntv=\count93
\c@Gm@tempcnt=\count94
\Gm@bindingoffset=\dimen115
\Gm@wd@mp=\dimen116
\Gm@odd@mp=\dimen117
\Gm@even@mp=\dimen118
\Gm@layoutwidth=\dimen119
\Gm@layoutheight=\dimen120
\Gm@layouthoffset=\dimen121
\Gm@layoutvoffset=\dimen122
\Gm@dimlist=\toks16

("E:\MiKTeX 2.9\tex\latex\geometry\geometry.cfg"))
("E:\MiKTeX 2.9\tex\latex\graphics\color.sty"
Package: color 2016/07/10 v1.1e Standard LaTeX Color (DPC)

("E:\MiKTeX 2.9\tex\latex\graphics-cfg\color.cfg"
File: color.cfg 2016/01/02 v1.6 sample color configuration
)
Package color Info: Driver file: pdftex.def on input line 147.
)
("E:\MiKTeX 2.9\tex\latex\base\fix-cm.sty"
Package: fix-cm 2015/01/14 v1.1t fixes to LaTeX

("E:\MiKTeX 2.9\tex\latex\base\ts1enc.def"
File: ts1enc.def 2001/06/05 v3.0e (jk/car/fm) Standard LaTeX file
))
("E:\MiKTeX 2.9\tex\latex\fancyhdr\fancyhdr.sty"
Package: fancyhdr 2016/10/11 v3.9 Extensive control of page headers and footers

\f@nch@headwidth=\skip43
\f@nch@O@elh=\skip44
\f@nch@O@erh=\skip45
\f@nch@O@olh=\skip46
\f@nch@O@orh=\skip47
\f@nch@O@elf=\skip48
\f@nch@O@erf=\skip49
\f@nch@O@olf=\skip50
\f@nch@O@orf=\skip51
)
("E:\MiKTeX 2.9\tex\latex\background\background.sty"
Package: background 2014/03/04 v2.1 background material

("E:\MiKTeX 2.9\tex\latex\pgf\frontendlayer\tikz.sty"
("E:\MiKTeX 2.9\tex\latex\pgf\basiclayer\pgf.sty"
("E:\MiKTeX 2.9\tex\latex\pgf\utilities\pgfrcs.sty"
("E:\MiKTeX 2.9\tex\generic\pgf\utilities\pgfutil-common.tex"
\pgfutil@everybye=\toks17
\pgfutil@tempdima=\dimen123
\pgfutil@tempdimb=\dimen124

("E:\MiKTeX 2.9\tex\generic\pgf\utilities\pgfutil-common-lists.tex"))
("E:\MiKTeX 2.9\tex\generic\pgf\utilities\pgfutil-latex.def"
\pgfutil@abb=\box28

("E:\MiKTeX 2.9\tex\latex\ms\everyshi.sty"
Package: everyshi 2001/05/15 v3.00 EveryShipout Package (MS)
))
("E:\MiKTeX 2.9\tex\generic\pgf\utilities\pgfrcs.code.tex"
Package: pgfrcs 2015/08/07 v3.0.1a (rcs-revision 1.31)
))
Package: pgf 2015/08/07 v3.0.1a (rcs-revision 1.15)

("E:\MiKTeX 2.9\tex\latex\pgf\basiclayer\pgfcore.sty"
("E:\MiKTeX 2.9\tex\latex\pgf\systemlayer\pgfsys.sty"
("E:\MiKTeX 2.9\tex\generic\pgf\systemlayer\pgfsys.code.tex"
Package: pgfsys 2014/07/09 v3.0.1a (rcs-revision 1.48)

("E:\MiKTeX 2.9\tex\generic\pgf\utilities\pgfkeys.code.tex"
\pgfkeys@pathtoks=\toks18
\pgfkeys@temptoks=\toks19

("E:\MiKTeX 2.9\tex\generic\pgf\utilities\pgfkeysfiltered.code.tex"
\pgfkeys@tmptoks=\toks20
))
\pgf@x=\dimen125
\pgf@y=\dimen126
\pgf@xa=\dimen127
\pgf@ya=\dimen128
\pgf@xb=\dimen129
\pgf@yb=\dimen130
\pgf@xc=\dimen131
\pgf@yc=\dimen132
\w@pgf@writea=\write3
\r@pgf@reada=\read1
\c@pgf@counta=\count95
\c@pgf@countb=\count96
\c@pgf@countc=\count97
\c@pgf@countd=\count98
\t@pgf@toka=\toks21
\t@pgf@tokb=\toks22
\t@pgf@tokc=\toks23

("E:\MiKTeX 2.9\tex\generic\pgf\systemlayer\pgf.cfg"
File: pgf.cfg 2008/05/14  (rcs-revision 1.7)
)
Driver file for pgf: pgfsys-pdftex.def

("E:\MiKTeX 2.9\tex\generic\pgf\systemlayer\pgfsys-pdftex.def"
File: pgfsys-pdftex.def 2014/10/11  (rcs-revision 1.35)

("E:\MiKTeX 2.9\tex\generic\pgf\systemlayer\pgfsys-common-pdf.def"
File: pgfsys-common-pdf.def 2013/10/10  (rcs-revision 1.13)
)))
("E:\MiKTeX 2.9\tex\generic\pgf\systemlayer\pgfsyssoftpath.code.tex"
File: pgfsyssoftpath.code.tex 2013/09/09  (rcs-revision 1.9)
\pgfsyssoftpath@smallbuffer@items=\count99
\pgfsyssoftpath@bigbuffer@items=\count100
)
("E:\MiKTeX 2.9\tex\generic\pgf\systemlayer\pgfsysprotocol.code.tex"
File: pgfsysprotocol.code.tex 2006/10/16  (rcs-revision 1.4)
))
("E:\MiKTeX 2.9\tex\latex\xcolor\xcolor.sty"
Package: xcolor 2016/05/11 v2.12 LaTeX color extensions (UK)

("E:\MiKTeX 2.9\tex\latex\graphics-cfg\color.cfg"
File: color.cfg 2016/01/02 v1.6 sample color configuration
)
Package xcolor Info: Driver file: pdftex.def on input line 225.
LaTeX Info: Redefining \color on input line 709.
Package xcolor Info: Model `cmy' substituted by `cmy0' on input line 1348.
Package xcolor Info: Model `hsb' substituted by `rgb' on input line 1352.
Package xcolor Info: Model `RGB' extended on input line 1364.
Package xcolor Info: Model `HTML' substituted by `rgb' on input line 1366.
Package xcolor Info: Model `Hsb' substituted by `hsb' on input line 1367.
Package xcolor Info: Model `tHsb' substituted by `hsb' on input line 1368.
Package xcolor Info: Model `HSB' substituted by `hsb' on input line 1369.
Package xcolor Info: Model `Gray' substituted by `gray' on input line 1370.
Package xcolor Info: Model `wave' substituted by `hsb' on input line 1371.
)
("E:\MiKTeX 2.9\tex\generic\pgf\basiclayer\pgfcore.code.tex"
Package: pgfcore 2010/04/11 v3.0.1a (rcs-revision 1.7)

("E:\MiKTeX 2.9\tex\generic\pgf\math\pgfmath.code.tex"
("E:\MiKTeX 2.9\tex\generic\pgf\math\pgfmathcalc.code.tex"
("E:\MiKTeX 2.9\tex\generic\pgf\math\pgfmathutil.code.tex")
("E:\MiKTeX 2.9\tex\generic\pgf\math\pgfmathparser.code.tex"
\pgfmath@dimen=\dimen133
\pgfmath@count=\count101
\pgfmath@box=\box29
\pgfmath@toks=\toks24
\pgfmath@stack@operand=\toks25
\pgfmath@stack@operation=\toks26
)
("E:\MiKTeX 2.9\tex\generic\pgf\math\pgfmathfunctions.code.tex"
("E:\MiKTeX 2.9\tex\generic\pgf\math\pgfmathfunctions.basic.code.tex")
("E:\MiKTeX 2.9\tex\generic\pgf\math\pgfmathfunctions.trigonometric.code.tex")
("E:\MiKTeX 2.9\tex\generic\pgf\math\pgfmathfunctions.random.code.tex")
("E:\MiKTeX 2.9\tex\generic\pgf\math\pgfmathfunctions.comparison.code.tex")
("E:\MiKTeX 2.9\tex\generic\pgf\math\pgfmathfunctions.base.code.tex")
("E:\MiKTeX 2.9\tex\generic\pgf\math\pgfmathfunctions.round.code.tex")
("E:\MiKTeX 2.9\tex\generic\pgf\math\pgfmathfunctions.misc.code.tex")
("E:\MiKTeX 2.9\tex\generic\pgf\math\pgfmathfunctions.integerarithmetics.code.t
ex"))) ("E:\MiKTeX 2.9\tex\generic\pgf\math\pgfmathfloat.code.tex"
\c@pgfmathroundto@lastzeros=\count102
))
("E:\MiKTeX 2.9\tex\generic\pgf\basiclayer\pgfcorepoints.code.tex"
File: pgfcorepoints.code.tex 2013/10/07  (rcs-revision 1.27)
\pgf@picminx=\dimen134
\pgf@picmaxx=\dimen135
\pgf@picminy=\dimen136
\pgf@picmaxy=\dimen137
\pgf@pathminx=\dimen138
\pgf@pathmaxx=\dimen139
\pgf@pathminy=\dimen140
\pgf@pathmaxy=\dimen141
\pgf@xx=\dimen142
\pgf@xy=\dimen143
\pgf@yx=\dimen144
\pgf@yy=\dimen145
\pgf@zx=\dimen146
\pgf@zy=\dimen147
)
("E:\MiKTeX 2.9\tex\generic\pgf\basiclayer\pgfcorepathconstruct.code.tex"
File: pgfcorepathconstruct.code.tex 2013/10/07  (rcs-revision 1.29)
\pgf@path@lastx=\dimen148
\pgf@path@lasty=\dimen149
)
("E:\MiKTeX 2.9\tex\generic\pgf\basiclayer\pgfcorepathusage.code.tex"
File: pgfcorepathusage.code.tex 2014/11/02  (rcs-revision 1.24)
\pgf@shorten@end@additional=\dimen150
\pgf@shorten@start@additional=\dimen151
)
("E:\MiKTeX 2.9\tex\generic\pgf\basiclayer\pgfcorescopes.code.tex"
File: pgfcorescopes.code.tex 2015/05/08  (rcs-revision 1.46)
\pgfpic=\box30
\pgf@hbox=\box31
\pgf@layerbox@main=\box32
\pgf@picture@serial@count=\count103
)
("E:\MiKTeX 2.9\tex\generic\pgf\basiclayer\pgfcoregraphicstate.code.tex"
File: pgfcoregraphicstate.code.tex 2014/11/02  (rcs-revision 1.12)
\pgflinewidth=\dimen152
)
("E:\MiKTeX 2.9\tex\generic\pgf\basiclayer\pgfcoretransformations.code.tex"
File: pgfcoretransformations.code.tex 2015/08/07  (rcs-revision 1.20)
\pgf@pt@x=\dimen153
\pgf@pt@y=\dimen154
\pgf@pt@temp=\dimen155
)
("E:\MiKTeX 2.9\tex\generic\pgf\basiclayer\pgfcorequick.code.tex"
File: pgfcorequick.code.tex 2008/10/09  (rcs-revision 1.3)
)
("E:\MiKTeX 2.9\tex\generic\pgf\basiclayer\pgfcoreobjects.code.tex"
File: pgfcoreobjects.code.tex 2006/10/11  (rcs-revision 1.2)
)
("E:\MiKTeX 2.9\tex\generic\pgf\basiclayer\pgfcorepathprocessing.code.tex"
File: pgfcorepathprocessing.code.tex 2013/09/09  (rcs-revision 1.9)
)
("E:\MiKTeX 2.9\tex\generic\pgf\basiclayer\pgfcorearrows.code.tex"
File: pgfcorearrows.code.tex 2015/05/14  (rcs-revision 1.43)
\pgfarrowsep=\dimen156
)
("E:\MiKTeX 2.9\tex\generic\pgf\basiclayer\pgfcoreshade.code.tex"
File: pgfcoreshade.code.tex 2013/07/15  (rcs-revision 1.15)
\pgf@max=\dimen157
\pgf@sys@shading@range@num=\count104
)
("E:\MiKTeX 2.9\tex\generic\pgf\basiclayer\pgfcoreimage.code.tex"
File: pgfcoreimage.code.tex 2013/07/15  (rcs-revision 1.18)

("E:\MiKTeX 2.9\tex\generic\pgf\basiclayer\pgfcoreexternal.code.tex"
File: pgfcoreexternal.code.tex 2014/07/09  (rcs-revision 1.21)
\pgfexternal@startupbox=\box33
))
("E:\MiKTeX 2.9\tex\generic\pgf\basiclayer\pgfcorelayers.code.tex"
File: pgfcorelayers.code.tex 2013/07/18  (rcs-revision 1.7)
)
("E:\MiKTeX 2.9\tex\generic\pgf\basiclayer\pgfcoretransparency.code.tex"
File: pgfcoretransparency.code.tex 2013/09/30  (rcs-revision 1.5)
)
("E:\MiKTeX 2.9\tex\generic\pgf\basiclayer\pgfcorepatterns.code.tex"
File: pgfcorepatterns.code.tex 2013/11/07  (rcs-revision 1.5)
)))
("E:\MiKTeX 2.9\tex\generic\pgf\modules\pgfmoduleshapes.code.tex"
File: pgfmoduleshapes.code.tex 2014/03/21  (rcs-revision 1.35)
\pgfnodeparttextbox=\box34
)
("E:\MiKTeX 2.9\tex\generic\pgf\modules\pgfmoduleplot.code.tex"
File: pgfmoduleplot.code.tex 2015/08/03  (rcs-revision 1.13)
)
("E:\MiKTeX 2.9\tex\latex\pgf\compatibility\pgfcomp-version-0-65.sty"
Package: pgfcomp-version-0-65 2007/07/03 v3.0.1a (rcs-revision 1.7)
\pgf@nodesepstart=\dimen158
\pgf@nodesepend=\dimen159
)
("E:\MiKTeX 2.9\tex\latex\pgf\compatibility\pgfcomp-version-1-18.sty"
Package: pgfcomp-version-1-18 2007/07/23 v3.0.1a (rcs-revision 1.1)
))
("E:\MiKTeX 2.9\tex\latex\pgf\utilities\pgffor.sty"
("E:\MiKTeX 2.9\tex\latex\pgf\utilities\pgfkeys.sty"
("E:\MiKTeX 2.9\tex\generic\pgf\utilities\pgfkeys.code.tex"))
("E:\MiKTeX 2.9\tex\latex\pgf\math\pgfmath.sty"
("E:\MiKTeX 2.9\tex\generic\pgf\math\pgfmath.code.tex"))
("E:\MiKTeX 2.9\tex\generic\pgf\utilities\pgffor.code.tex"
Package: pgffor 2013/12/13 v3.0.1a (rcs-revision 1.25)

("E:\MiKTeX 2.9\tex\generic\pgf\math\pgfmath.code.tex")
\pgffor@iter=\dimen160
\pgffor@skip=\dimen161
\pgffor@stack=\toks27
\pgffor@toks=\toks28
))
("E:\MiKTeX 2.9\tex\generic\pgf\frontendlayer\tikz\tikz.code.tex"
Package: tikz 2015/08/07 v3.0.1a (rcs-revision 1.151)

("E:\MiKTeX 2.9\tex\generic\pgf\libraries\pgflibraryplothandlers.code.tex"
File: pgflibraryplothandlers.code.tex 2013/08/31 v3.0.1a (rcs-revision 1.20)
\pgf@plot@mark@count=\count105
\pgfplotmarksize=\dimen162
)
\tikz@lastx=\dimen163
\tikz@lasty=\dimen164
\tikz@lastxsaved=\dimen165
\tikz@lastysaved=\dimen166
\tikzleveldistance=\dimen167
\tikzsiblingdistance=\dimen168
\tikz@figbox=\box35
\tikz@figbox@bg=\box36
\tikz@tempbox=\box37
\tikz@tempbox@bg=\box38
\tikztreelevel=\count106
\tikznumberofchildren=\count107
\tikznumberofcurrentchild=\count108
\tikz@fig@count=\count109

("E:\MiKTeX 2.9\tex\generic\pgf\modules\pgfmodulematrix.code.tex"
File: pgfmodulematrix.code.tex 2013/09/17  (rcs-revision 1.8)
\pgfmatrixcurrentrow=\count110
\pgfmatrixcurrentcolumn=\count111
\pgf@matrix@numberofcolumns=\count112
)
\tikz@expandcount=\count113

("E:\MiKTeX 2.9\tex\generic\pgf\frontendlayer\tikz\libraries\tikzlibrarytopaths
.code.tex"
File: tikzlibrarytopaths.code.tex 2008/06/17 v3.0.1a (rcs-revision 1.2)
))) ("E:\MiKTeX 2.9\tex\latex\everypage\everypage.sty"
Package: everypage 2007/06/20 1.1 Hooks to run on every page
)
("E:\MiKTeX 2.9\tex\latex\tools\afterpage.sty"
Package: afterpage 2014/10/28 v1.08 After-Page Package (DPC)
\AP@output=\toks29
\AP@partial=\box39
\AP@footins=\box40
)) ("hardware manual.aux")
\openout1 = `"hardware manual.aux"'.

LaTeX Font Info:    Checking defaults for OML/cmm/m/it on input line 17.
LaTeX Font Info:    ... okay on input line 17.
LaTeX Font Info:    Checking defaults for T1/cmr/m/n on input line 17.
LaTeX Font Info:    ... okay on input line 17.
LaTeX Font Info:    Checking defaults for OT1/cmr/m/n on input line 17.
LaTeX Font Info:    ... okay on input line 17.
LaTeX Font Info:    Checking defaults for OMS/cmsy/m/n on input line 17.
LaTeX Font Info:    ... okay on input line 17.
LaTeX Font Info:    Checking defaults for OMX/cmex/m/n on input line 17.
LaTeX Font Info:    ... okay on input line 17.
LaTeX Font Info:    Checking defaults for U/cmr/m/n on input line 17.
LaTeX Font Info:    ... okay on input line 17.
LaTeX Font Info:    Checking defaults for TS1/cmr/m/n on input line 17.
LaTeX Font Info:    ... okay on input line 17.

("E:\MiKTeX 2.9\tex\context\base\supp-pdf.mkii"
[Loading MPS to PDF converter (version 2006.09.02).]
\scratchcounter=\count114
\scratchdimen=\dimen169
\scratchbox=\box41
\nofMPsegments=\count115
\nofMParguments=\count116
\everyMPshowfont=\toks30
\MPscratchCnt=\count117
\MPscratchDim=\dimen170
\MPnumerator=\count118
\makeMPintoPDFobject=\count119
\everyMPtoPDFconversion=\toks31
) ("E:\MiKTeX 2.9\tex\generic\oberdiek\pdftexcmds.sty"
Package: pdftexcmds 2016/05/21 v0.22 Utility functions of pdfTeX for LuaTeX (HO
)

("E:\MiKTeX 2.9\tex\generic\oberdiek\ifluatex.sty"
Package: ifluatex 2016/05/16 v1.4 Provides the ifluatex switch (HO)
Package ifluatex Info: LuaTeX not detected.
)
Package pdftexcmds Info: LuaTeX not detected.
Package pdftexcmds Info: \pdf@primitive is available.
Package pdftexcmds Info: \pdf@ifprimitive is available.
Package pdftexcmds Info: \pdfdraftmode found.
)
("E:\MiKTeX 2.9\tex\latex\oberdiek\epstopdf-base.sty"
Package: epstopdf-base 2016/05/15 v2.6 Base part for package epstopdf

("E:\MiKTeX 2.9\tex\latex\oberdiek\grfext.sty"
Package: grfext 2016/05/16 v1.2 Manage graphics extensions (HO)

("E:\MiKTeX 2.9\tex\generic\oberdiek\kvdefinekeys.sty"
Package: kvdefinekeys 2016/05/16 v1.4 Define keys (HO)
))
("E:\MiKTeX 2.9\tex\latex\oberdiek\kvoptions.sty"
Package: kvoptions 2016/05/16 v3.12 Key value format for package options (HO)

("E:\MiKTeX 2.9\tex\generic\oberdiek\kvsetkeys.sty"
Package: kvsetkeys 2016/05/16 v1.17 Key value parser (HO)

("E:\MiKTeX 2.9\tex\generic\oberdiek\etexcmds.sty"
Package: etexcmds 2016/05/16 v1.6 Avoid name clashes with e-TeX commands (HO)
Package etexcmds Info: Could not find \expanded.
(etexcmds)             That can mean that you are not using pdfTeX 1.50 or
(etexcmds)             that some package has redefined \expanded.
(etexcmds)             In the latter case, load this package earlier.
)))
Package epstopdf-base Info: Redefining graphics rule for `.eps' on input line 4
38.
Package grfext Info: Graphics extension search list:
(grfext)             [.png,.pdf,.jpg,.mps,.jpeg,.jbig2,.jb2,.PNG,.PDF,.JPG,.JPE
G,.JBIG2,.JB2,.eps]
(grfext)             \AppendGraphicsExtensions on input line 456.
)
*geometry* driver: auto-detecting
*geometry* detected driver: pdftex
*geometry* verbose mode - [ preamble ] result:
* driver: pdftex
* paper: a4paper
* layout: <same size as paper>
* layoutoffset:(h,v)=(0.0pt,0.0pt)
* modes: 
* h-part:(L,W,R)=(56.9055pt, 483.69687pt, 56.9055pt)
* v-part:(T,H,B)=(56.9055pt, 731.23584pt, 56.9055pt)
* \paperwidth=597.50787pt
* \paperheight=845.04684pt
* \textwidth=483.69687pt
* \textheight=731.23584pt
* \oddsidemargin=-15.36449pt
* \evensidemargin=-15.36449pt
* \topmargin=-47.23828pt
* \headheight=12.0pt
* \headsep=19.8738pt
* \topskip=12.0pt
* \footskip=30.0pt
* \marginparwidth=38.0pt
* \marginparsep=7.0pt
* \columnsep=10.0pt
* \skip\footins=10.8pt plus 4.0pt minus 2.0pt
* \hoffset=0.0pt
* \voffset=0.0pt
* \mag=1000
* \@twocolumnfalse
* \@twosidefalse
* \@mparswitchfalse
* \@reversemarginfalse
* (1in=72.27pt=25.4mm, 1cm=28.453pt)

ABD: EveryShipout initializing macros
Underfull \hbox (badness 10000) in paragraph at lines 21--30

 []


Underfull \hbox (badness 10000) in paragraph at lines 21--30

 []


Underfull \hbox (badness 10000) in paragraph at lines 21--30

 []


Underfull \hbox (badness 10000) in paragraph at lines 21--30

 []


Overfull \hbox (45.41417pt too wide) in paragraph at lines 21--30
[]\OT1/cmr/bx/n/30 Adaptor Board for Fire-bird V Robot[] 
 []


Underfull \hbox (badness 10000) in paragraph at lines 21--30

 []


Underfull \hbox (badness 10000) in paragraph at lines 21--30

 []


Underfull \hbox (badness 10000) in paragraph at lines 21--30

 []


Underfull \hbox (badness 10000) in paragraph at lines 21--30

 []


Underfull \hbox (badness 10000) in paragraph at lines 21--30

 []


Underfull \hbox (badness 10000) in paragraph at lines 21--30

 []


Underfull \hbox (badness 10000) in paragraph at lines 21--30

 []


Underfull \hbox (badness 10000) in paragraph at lines 21--30

 []

<pcb.png, id=4, 367.3725pt x 285.31593pt>
File: pcb.png Graphic file (type png)
 <use pcb.png>
Package pdftex.def Info: pcb.png used on input line 33.
(pdftex.def)             Requested size: 386.95897pt x 300.54834pt.

<logo.png, id=6, 123.46124pt x 131.49126pt>
File: logo.png Graphic file (type png)
 <use logo.png>
Package pdftex.def Info: logo.png used on input line 36.
(pdftex.def)             Requested size: 123.46092pt x 131.49092pt.
 [1


{C:/ProgramData/MiKTeX/2.9/pdftex/config/pdftex.map} <./logo.png> <./pcb.png>]
Underfull \hbox (badness 10000) in paragraph at lines 44--59

 []


Underfull \hbox (badness 10000) in paragraph at lines 44--59

 []


Underfull \hbox (badness 10000) in paragraph at lines 44--59

 []

File: logo.png Graphic file (type png)
<use logo.png>
Package pdftex.def Info: logo.png used on input line 59.
(pdftex.def)             Requested size: 123.46092pt x 131.49092pt.


Package Fancyhdr Warning: \headheight is too small (12.0pt): 
 Make it at least 14.49998pt.
 We now make it that large for the rest of the document.
 This may cause the page layout to be inconsistent, however.

[1] ("hardware manual.toc"
LaTeX Font Info:    External font `cmex10' loaded for size
(Font)              <12> on input line 2.
LaTeX Font Info:    External font `cmex10' loaded for size
(Font)              <8> on input line 2.
LaTeX Font Info:    External font `cmex10' loaded for size
(Font)              <6> on input line 2.
)
\tf@toc=\write4
\openout4 = `"hardware manual.toc"'.

File: logo.png Graphic file (type png)
 <use logo.png>
Package pdftex.def Info: logo.png used on input line 67.
(pdftex.def)             Requested size: 123.46092pt x 131.49092pt.
 [2

]
Chapter 1.

Underfull \hbox (badness 10000) in paragraph at lines 70--72

 []

LaTeX Font Info:    Try loading font information for OMS+cmr on input line 76.
("E:\MiKTeX 2.9\tex\latex\base\omscmr.fd"
File: omscmr.fd 2014/09/29 v2.5h Standard LaTeX font definitions
)
LaTeX Font Info:    Font shape `OMS/cmr/m/n' in size <12> not available
(Font)              Font shape `OMS/cmsy/m/n' tried instead on input line 76.
File: logo.png Graphic file (type png)
 <use logo.png>
Package pdftex.def Info: logo.png used on input line 90.
(pdftex.def)             Requested size: 123.46092pt x 131.49092pt.
 [3

]
<main_board.png, id=27, 345.54094pt x 349.305pt>
File: main_board.png Graphic file (type png)
 <use main_board.png>
Package pdftex.def Info: main_board.png used on input line 93.
(pdftex.def)             Requested size: 483.69687pt x 488.97568pt.

Underfull \hbox (badness 10000) in paragraph at lines 100--100
[]\OT1/cmr/bx/n/12 Main
 []


Underfull \hbox (badness 10000) in paragraph at lines 100--100
\OT1/cmr/bx/n/12 board
 []


Underfull \hbox (badness 10000) in paragraph at lines 100--100
[]\OT1/cmr/m/n/12 connections on adap-tor
 []


Underfull \hbox (badness 10000) in paragraph at lines 104--104
[]\OT1/cmr/m/n/12 IR Prox-im-ity
 []


Underfull \hbox (badness 1776) in paragraph at lines 104--104
[]\OT1/cmr/m/n/12 IR Prox-im-ity sen-sor 8 ana-log
 []


Overfull \hbox (19.5472pt too wide) in paragraph at lines 96--109
[] 
 []


Underfull \hbox (badness 2326) in paragraph at lines 112--112
[]\OT1/cmr/m/n/12 USB con-nec-tion go-ing to the
 []


Underfull \hbox (badness 3635) in paragraph at lines 112--112
\OT1/cmr/m/n/12 com-mu-ni-ca-tion set jumper as
 []


Underfull \hbox (badness 1946) in paragraph at lines 112--113
[]\OT1/cmr/m/n/12 Connected to US-BDP of
 []


Underfull \hbox (badness 2326) in paragraph at lines 115--115
[]\OT1/cmr/m/n/12 USB con-nec-tion go-ing to the
 []


Underfull \hbox (badness 3635) in paragraph at lines 115--115
\OT1/cmr/m/n/12 com-mu-ni-ca-tion set jumper as
 []


Underfull \hbox (badness 2126) in paragraph at lines 115--116
[]\OT1/cmr/m/n/12 connected to US-BDM of
 []


Underfull \hbox (badness 3735) in paragraph at lines 120--121
[]\OT1/cmr/m/n/12 Used in Bat-tery volt-age
 []


Underfull \hbox (badness 3735) in paragraph at lines 126--127
[]\OT1/cmr/m/n/12 Used in Bat-tery volt-age
 []


Underfull \hbox (badness 10000) in paragraph at lines 130--130
[]\OT1/cmr/m/n/12 IR Prox-im-ity
 []


Underfull \hbox (badness 10000) in paragraph at lines 138--138
[]\OT1/cmr/m/n/12 IR Prox-im-ity
 []


Underfull \hbox (badness 10000) in paragraph at lines 152--152
[]\OT1/cmr/m/n/12 LCD Reg-is-ter se-lect
 []


Overfull \hbox (37.17201pt too wide) in paragraph at lines 110--159
[][] 
 []

File: logo.png Graphic file (type png)
<use logo.png>
Package pdftex.def Info: logo.png used on input line 160.
(pdftex.def)             Requested size: 123.46092pt x 131.49092pt.
 [4 <./main_board.png>]
Underfull \hbox (badness 1496) in paragraph at lines 166--167
[]\OT1/cmr/m/n/12 connected to GPIO 6 of
 []


Underfull \hbox (badness 1496) in paragraph at lines 168--169
[]\OT1/cmr/m/n/12 connected to GPIO 5 of
 []


Underfull \hbox (badness 10000) in paragraph at lines 181--181
[]\OT1/cmr/m/n/12 IR Prox-im-ity
 []


Underfull \hbox (badness 2384) in paragraph at lines 185--186
[]\OT1/cmr/m/n/12 Can be con-nected ex-ter-
 []


Underfull \hbox (badness 5548) in paragraph at lines 185--186
\OT1/cmr/m/n/12 nally to port ex-pan-sion
 []


Underfull \hbox (badness 2384) in paragraph at lines 187--188
[]\OT1/cmr/m/n/12 Can be con-nected ex-ter-
 []


Underfull \hbox (badness 5548) in paragraph at lines 187--188
\OT1/cmr/m/n/12 nally to port ex-pan-sion
 []


Underfull \hbox (badness 2384) in paragraph at lines 189--190
[]\OT1/cmr/m/n/12 Can be con-nected ex-ter-
 []


Underfull \hbox (badness 5548) in paragraph at lines 189--190
\OT1/cmr/m/n/12 nally to port ex-pan-sion
 []


Underfull \hbox (badness 2384) in paragraph at lines 191--192
[]\OT1/cmr/m/n/12 Can be con-nected ex-ter-
 []


Underfull \hbox (badness 5548) in paragraph at lines 191--192
\OT1/cmr/m/n/12 nally to port ex-pan-sion
 []


Underfull \hbox (badness 4467) in paragraph at lines 193--193
[]\OT1/cmr/m/n/12 TTL or CMOS in-put.Disable
 []


Underfull \hbox (badness 10000) in paragraph at lines 197--197
[]\OT1/cmr/m/n/12 IR Prox-im-ity
 []


Underfull \hbox (badness 10000) in paragraph at lines 199--199
[]\OT1/cmr/m/n/12 IR Prox-im-ity
 []


Overfull \hbox (37.17201pt too wide) in paragraph at lines 160--206
[][] 
 []

File: logo.png Graphic file (type png)
<use logo.png>
Package pdftex.def Info: logo.png used on input line 207.
(pdftex.def)             Requested size: 123.46092pt x 131.49092pt.
 [5]
Underfull \hbox (badness 10000) in paragraph at lines 209--209
[]\OT1/cmr/m/n/12 IR Prox-im-ity
 []


Underfull \hbox (badness 1442) in paragraph at lines 219--219
[]\OT1/cmr/m/n/12 Logic in-put 1 for Left Mo-tor
 []


Underfull \hbox (badness 1442) in paragraph at lines 221--221
[]\OT1/cmr/m/n/12 Logic in-put 2 for Left Mo-tor
 []


Underfull \hbox (badness 2384) in paragraph at lines 225--225
[]\OT1/cmr/m/n/12 PWM in-put for Right Mo-tor
 []


Underfull \hbox (badness 10000) in paragraph at lines 239--239
[]\OT1/cmr/m/n/12 Position En-
 []


Underfull \hbox (badness 10000) in paragraph at lines 241--241
[]\OT1/cmr/m/n/12 Position En-
 []


Underfull \hbox (badness 10000) in paragraph at lines 243--243
[]\OT1/cmr/m/n/12 Position En-
 []


Underfull \hbox (badness 10000) in paragraph at lines 245--245
[]\OT1/cmr/m/n/12 Position En-
 []


Underfull \hbox (badness 10000) in paragraph at lines 253--253
[]\OT1/cmr/m/n/12 IR Prox-im-ity
 []


Underfull \hbox (badness 10000) in paragraph at lines 255--255
[]\OT1/cmr/m/n/12 IR Prox-im-ity
 []


Underfull \hbox (badness 2334) in paragraph at lines 257--257
[]\OT1/cmr/m/n/12 Input, V>0.65V turns on the
 []


Underfull \hbox (badness 1253) in paragraph at lines 261--261
[]\OT1/cmr/m/n/12 RS232 Trans-mit, con-nected to
 []


Underfull \hbox (badness 1127) in paragraph at lines 261--261
\OT1/cmr/m/n/12 DB9 se-rial con-nec-tor on main
 []


Overfull \hbox (37.17201pt too wide) in paragraph at lines 207--268
[][]
 []

File: logo.png Graphic file (type png)
<use logo.png>
Package pdftex.def Info: logo.png used on input line 268.
(pdftex.def)             Requested size: 123.46092pt x 131.49092pt.
 [6]
File: logo.png Graphic file (type png)
 <use logo.png>
Package pdftex.def Info: logo.png used on input line 268.
(pdftex.def)             Requested size: 123.46092pt x 131.49092pt.
 [7]
<Adaptor_board.png, id=42, 612.78937pt x 384.6872pt>
File: Adaptor_board.png Graphic file (type png)
 <use Adaptor_board.png>
Package pdftex.def Info: Adaptor_board.png used on input line 270.
(pdftex.def)             Requested size: 532.0695pt x 334.02946pt.

Overfull \hbox (48.37263pt too wide) in paragraph at lines 270--271
[][] 
 []

File: logo.png Graphic file (type png)
<use logo.png>
Package pdftex.def Info: logo.png used on input line 274.
(pdftex.def)             Requested size: 123.46092pt x 131.49092pt.
 [8 <./Adaptor_board.png>]
<rpi_power.png, id=47, 871.75688pt x 342.5297pt>
File: rpi_power.png Graphic file (type png)
 <use rpi_power.png>
Package pdftex.def Info: rpi_power.png used on input line 278.
(pdftex.def)             Requested size: 483.69687pt x 190.05396pt.
File: logo.png Graphic file (type png)

<use logo.png>
Package pdftex.def Info: logo.png used on input line 290.
(pdftex.def)             Requested size: 123.46092pt x 131.49092pt.
 [9 <./rpi_power.png>]
<volt_sens.png, id=52, 878.53218pt x 411.78844pt>
File: volt_sens.png Graphic file (type png)
 <use volt_sens.png>
Package pdftex.def Info: volt_sens.png used on input line 294.
(pdftex.def)             Requested size: 483.69687pt x 226.7231pt.
File: logo.png Graphic file (type png)

<use logo.png>
Package pdftex.def Info: logo.png used on input line 307.
(pdftex.def)             Requested size: 123.46092pt x 131.49092pt.
 [10 <./volt_sens.png>]
<buzzer.png, id=57, 585.68813pt x 399.74344pt>
File: buzzer.png Graphic file (type png)
 <use buzzer.png>
Package pdftex.def Info: buzzer.png used on input line 310.
(pdftex.def)             Requested size: 483.69687pt x 330.14616pt.
File: logo.png Graphic file (type png)
 <use logo.png>
Package pdftex.def Info: logo.png used on input line 320.
(pdftex.def)             Requested size: 123.46092pt x 131.49092pt.

[11 <./buzzer.png>] <lcd.png, id=62, 627.84563pt x 419.31656pt>
File: lcd.png Graphic file (type png)
 <use lcd.png>
Package pdftex.def Info: lcd.png used on input line 323.
(pdftex.def)             Requested size: 483.69687pt x 323.04109pt.
File: logo.png Graphic file (type png)

<use logo.png>
Package pdftex.def Info: logo.png used on input line 334.
(pdftex.def)             Requested size: 123.46092pt x 131.49092pt.
 [12 <./lcd.png>] <adc.png, id=68, 415.5525pt x 418.56375pt>
File: adc.png Graphic file (type png)

<use adc.png>
Package pdftex.def Info: adc.png used on input line 337.
(pdftex.def)             Requested size: 483.69687pt x 487.22038pt.
File: logo.png Graphic file (type png)
 <use logo.png>
Package pdftex.def Info: logo.png used on input line 346.
(pdftex.def)             Requested size: 123.46092pt x 131.49092pt.
 [13 <./adc.png>]
Underfull \hbox (badness 10000) in paragraph at lines 346--347

 []


Underfull \hbox (badness 10000) in paragraph at lines 351--351
[]\OT1/cmr/bx/n/12 ADC
 []


Underfull \hbox (badness 10000) in paragraph at lines 348--388

 []

File: logo.png Graphic file (type png)
<use logo.png>
Package pdftex.def Info: logo.png used on input line 388.
(pdftex.def)             Requested size: 123.46092pt x 131.49092pt.
 [14] <wheels.png, id=76, 521.69907pt x 428.35031pt>
File: wheels.png Graphic file (type png)

<use wheels.png>
Package pdftex.def Info: wheels.png used on input line 391.
(pdftex.def)             Requested size: 483.69687pt x 397.15248pt.
File: logo.png Graphic file (type png)
 <use logo.png>
Package pdftex.def Info: logo.png used on input line 403.
(pdftex.def)             Requested size: 123.46092pt x 131.49092pt.
 [15 <./wheels.png>]
File: logo.png Graphic file (type png)
 <use logo.png>
Package pdftex.def Info: logo.png used on input line 405.
(pdftex.def)             Requested size: 123.46092pt x 131.49092pt.
 [16]
<servo.png, id=84, 688.07062pt x 394.47375pt>
File: servo.png Graphic file (type png)
 <use servo.png>
Package pdftex.def Info: servo.png used on input line 408.
(pdftex.def)             Requested size: 483.69687pt x 277.30347pt.
File: logo.png Graphic file (type png)
 <use logo.png>
Package pdftex.def Info: logo.png used on input line 419.
(pdftex.def)             Requested size: 123.46092pt x 131.49092pt.

[17 <./servo.png>] <interupt_bargraph.png, id=89, 796.47563pt x 326.72063pt>
File: interupt_bargraph.png Graphic file (type png)

<use interupt_bargraph.png>
Package pdftex.def Info: interupt_bargraph.png used on input line 422.
(pdftex.def)             Requested size: 483.69687pt x 198.41687pt.
File: logo.png Graphic file (type png)
 <use logo.png>
Package pdftex.def Info: logo.png used on input line 431.
(pdftex.def)             Requested size: 123.46092pt x 131.49092pt.
 [18 <./interupt_bargraph.png>]
<tsop.png, id=95, 848.4197pt x 407.27156pt>
File: tsop.png Graphic file (type png)
 <use tsop.png>
Package pdftex.def Info: tsop.png used on input line 434.
(pdftex.def)             Requested size: 483.69687pt x 232.19069pt.
File: logo.png Graphic file (type png)
 <use logo.png>
Package pdftex.def Info: logo.png used on input line 444.
(pdftex.def)             Requested size: 123.46092pt x 131.49092pt.

[19 <./tsop.png>] <UART.png, id=100, 604.50844pt x 416.30531pt>
File: UART.png Graphic file (type png)
 <use UART.png>
Package pdftex.def Info: UART.png used on input line 447.
(pdftex.def)             Requested size: 483.69687pt x 333.10822pt.
File: logo.png Graphic file (type png)

<use logo.png>
Package pdftex.def Info: logo.png used on input line 463.
(pdftex.def)             Requested size: 123.46092pt x 131.49092pt.
 [20 <./UART.png>]
<expansion.png, id=105, 433.62pt x 392.21532pt>
File: expansion.png Graphic file (type png)
 <use expansion.png>
Package pdftex.def Info: expansion.png used on input line 466.
(pdftex.def)             Requested size: 483.69687pt x 437.53062pt.
File: logo.png Graphic file (type png)

<use logo.png>
Package pdftex.def Info: logo.png used on input line 476.
(pdftex.def)             Requested size: 123.46092pt x 131.49092pt.
 [21 <./expansion.png>]
Underfull \hbox (badness 10000) in paragraph at lines 476--564

 []

File: logo.png Graphic file (type png)
<use logo.png>
Package pdftex.def Info: logo.png used on input line 564.
(pdftex.def)             Requested size: 123.46092pt x 131.49092pt.
 [22] ("hardware manual.aux") ) 
Here is how much of TeX's memory you used:
 13388 strings out of 493333
 262387 string characters out of 3145231
 325725 words of memory out of 3000000
 16624 multiletter control sequences out of 15000+200000
 10180 words of font info for 35 fonts, out of 3000000 for 9000
 1141 hyphenation exceptions out of 8191
 62i,12n,68p,560b,752s stack positions out of 5000i,500n,10000p,200000b,50000s
<E:/MiKTeX 2.9/fonts/type1/public/amsfonts/cm/cm
bx10.pfb><E:/MiKTeX 2.9/fonts/type1/public/amsfonts/cm/cmbx12.pfb><E:/MiKTeX 2.
9/fonts/type1/public/amsfonts/cm/cmbxti10.pfb><E:/MiKTeX 2.9/fonts/type1/public
/amsfonts/cm/cmr12.pfb><E:/MiKTeX 2.9/fonts/type1/public/amsfonts/cm/cmsy10.pfb
>
Output written on "hardware manual.pdf" (23 pages, 1639791 bytes).
PDF statistics:
 130 PDF objects out of 1000 (max. 8388607)
 0 named destinations out of 1000 (max. 500000)
 88 words of extra memory for PDF output out of 10000 (max. 10000000)

